c:\users\nicoc_000\desktop\grafia\grafia\builds\visualstudio2015\win32\release\app\path.obj
c:\users\nicoc_000\desktop\grafia\grafia\builds\visualstudio2015\win32\release\app\include_juce_audio_formats.obj
c:\users\nicoc_000\desktop\grafia\grafia\builds\visualstudio2015\win32\release\app\include_juce_events.obj
c:\users\nicoc_000\desktop\grafia\grafia\builds\visualstudio2015\win32\release\app\tablecomponent.obj
c:\users\nicoc_000\desktop\grafia\grafia\builds\visualstudio2015\win32\release\app\include_juce_graphics.obj
c:\users\nicoc_000\desktop\grafia\grafia\builds\visualstudio2015\win32\release\app\include_juce_audio_basics.obj
c:\users\nicoc_000\desktop\grafia\grafia\builds\visualstudio2015\win32\release\app\include_juce_audio_processors.obj
c:\users\nicoc_000\desktop\grafia\grafia\builds\visualstudio2015\win32\release\app\texlib.obj
c:\users\nicoc_000\desktop\grafia\grafia\builds\visualstudio2015\win32\release\app\include_juce_core.obj
c:\users\nicoc_000\desktop\grafia\grafia\builds\visualstudio2015\win32\release\app\menucomponent.obj
c:\users\nicoc_000\desktop\grafia\grafia\builds\visualstudio2015\win32\release\app\include_juce_data_structures.obj
c:\users\nicoc_000\desktop\grafia\grafia\builds\visualstudio2015\win32\release\app\include_juce_opengl.obj
c:\users\nicoc_000\desktop\grafia\grafia\builds\visualstudio2015\win32\release\app\maincomponent.obj
c:\users\nicoc_000\desktop\grafia\grafia\builds\visualstudio2015\win32\release\app\include_juce_video.obj
c:\users\nicoc_000\desktop\grafia\grafia\builds\visualstudio2015\win32\release\app\main.obj
c:\users\nicoc_000\desktop\grafia\grafia\builds\visualstudio2015\win32\release\app\include_juce_gui_basics.obj
c:\users\nicoc_000\desktop\grafia\grafia\builds\visualstudio2015\win32\release\app\binarydata.obj
c:\users\nicoc_000\desktop\grafia\grafia\builds\visualstudio2015\win32\release\app\include_juce_audio_devices.obj
c:\users\nicoc_000\desktop\grafia\grafia\builds\visualstudio2015\win32\release\app\include_juce_cryptography.obj
c:\users\nicoc_000\desktop\grafia\grafia\builds\visualstudio2015\win32\release\app\include_juce_gui_extra.obj
c:\users\nicoc_000\desktop\grafia\grafia\builds\visualstudio2015\win32\release\app\vc140.pdb
c:\users\nicoc_000\desktop\grafia\grafia\builds\visualstudio2015\win32\release\app\grafia.exe
c:\users\nicoc_000\desktop\grafia\grafia\builds\visualstudio2015\win32\release\app\resources.res
c:\users\nicoc_000\desktop\grafia\grafia\builds\visualstudio2015\win32\release\app\grafia_app.tlog\cl.command.1.tlog
c:\users\nicoc_000\desktop\grafia\grafia\builds\visualstudio2015\win32\release\app\grafia_app.tlog\cl.read.1.tlog
c:\users\nicoc_000\desktop\grafia\grafia\builds\visualstudio2015\win32\release\app\grafia_app.tlog\cl.write.1.tlog
c:\users\nicoc_000\desktop\grafia\grafia\builds\visualstudio2015\win32\release\app\grafia_app.tlog\link.command.1.tlog
c:\users\nicoc_000\desktop\grafia\grafia\builds\visualstudio2015\win32\release\app\grafia_app.tlog\link.read.1.tlog
c:\users\nicoc_000\desktop\grafia\grafia\builds\visualstudio2015\win32\release\app\grafia_app.tlog\link.write.1.tlog
c:\users\nicoc_000\desktop\grafia\grafia\builds\visualstudio2015\win32\release\app\grafia_app.tlog\rc.command.1.tlog
c:\users\nicoc_000\desktop\grafia\grafia\builds\visualstudio2015\win32\release\app\grafia_app.tlog\rc.read.1.tlog
c:\users\nicoc_000\desktop\grafia\grafia\builds\visualstudio2015\win32\release\app\grafia_app.tlog\rc.write.1.tlog
