c:\users\nicoc_000\desktop\grafia\grafia\builds\visualstudio2015\debug\juce_audio_basics.obj
c:\users\nicoc_000\desktop\grafia\grafia\builds\visualstudio2015\debug\main.obj
c:\users\nicoc_000\desktop\grafia\grafia\builds\visualstudio2015\debug\juce_audio_formats.obj
c:\users\nicoc_000\desktop\grafia\grafia\builds\visualstudio2015\debug\maincomponent.obj
c:\users\nicoc_000\desktop\grafia\grafia\builds\visualstudio2015\debug\juce_video.obj
c:\users\nicoc_000\desktop\grafia\grafia\builds\visualstudio2015\debug\texlib.obj
c:\users\nicoc_000\desktop\grafia\grafia\builds\visualstudio2015\debug\juce_audio_devices.obj
c:\users\nicoc_000\desktop\grafia\grafia\builds\visualstudio2015\debug\juce_graphics.obj
c:\users\nicoc_000\desktop\grafia\grafia\builds\visualstudio2015\debug\juce_audio_processors.obj
c:\users\nicoc_000\desktop\grafia\grafia\builds\visualstudio2015\debug\juce_cryptography.obj
c:\users\nicoc_000\desktop\grafia\grafia\builds\visualstudio2015\debug\juce_data_structures.obj
c:\users\nicoc_000\desktop\grafia\grafia\builds\visualstudio2015\debug\juce_gui_basics.obj
c:\users\nicoc_000\desktop\grafia\grafia\builds\visualstudio2015\debug\juce_core.obj
c:\users\nicoc_000\desktop\grafia\grafia\builds\visualstudio2015\debug\juce_events.obj
c:\users\nicoc_000\desktop\grafia\grafia\builds\visualstudio2015\debug\juce_opengl.obj
c:\users\nicoc_000\desktop\grafia\grafia\builds\visualstudio2015\debug\juce_gui_extra.obj
c:\users\nicoc_000\desktop\grafia\grafia\builds\visualstudio2015\debug\vc140.pdb
c:\users\nicoc_000\desktop\grafia\grafia\builds\visualstudio2015\debug\vc140.idb
c:\users\nicoc_000\desktop\grafia\grafia\builds\visualstudio2015\debug\grafia.ilk
c:\users\nicoc_000\desktop\grafia\grafia\builds\visualstudio2015\debug\grafia.exe
c:\users\nicoc_000\desktop\grafia\grafia\builds\visualstudio2015\debug\grafia.pdb
c:\users\nicoc_000\desktop\grafia\grafia\builds\visualstudio2015\debug\resources.res
c:\users\nicoc_000\desktop\grafia\grafia\builds\visualstudio2015\debug\menucomponent.obj
c:\users\nicoc_000\desktop\grafia\grafia\builds\visualstudio2015\debug\maincomponent.obj.enc
c:\users\nicoc_000\desktop\grafia\grafia\builds\visualstudio2015\debug\coder.xml
c:\users\nicoc_000\desktop\grafia\grafia\builds\visualstudio2015\debug\colors.xml
c:\users\nicoc_000\desktop\grafia\grafia\builds\visualstudio2015\debug\configure.xml
c:\users\nicoc_000\desktop\grafia\grafia\builds\visualstudio2015\debug\delegates.xml
c:\users\nicoc_000\desktop\grafia\grafia\builds\visualstudio2015\debug\english.xml
c:\users\nicoc_000\desktop\grafia\grafia\builds\visualstudio2015\debug\locale.xml
c:\users\nicoc_000\desktop\grafia\grafia\builds\visualstudio2015\debug\log.xml
c:\users\nicoc_000\desktop\grafia\grafia\builds\visualstudio2015\debug\magic.xml
c:\users\nicoc_000\desktop\grafia\grafia\builds\visualstudio2015\debug\policy.xml
c:\users\nicoc_000\desktop\grafia\grafia\builds\visualstudio2015\debug\thresholds.xml
c:\users\nicoc_000\desktop\grafia\grafia\builds\visualstudio2015\debug\type-ghostscript.xml
c:\users\nicoc_000\desktop\grafia\grafia\builds\visualstudio2015\debug\type.xml
c:\users\nicoc_000\desktop\grafia\grafia\builds\visualstudio2015\debug\grafia.tlog\cl.command.1.tlog
c:\users\nicoc_000\desktop\grafia\grafia\builds\visualstudio2015\debug\grafia.tlog\cl.read.1.tlog
c:\users\nicoc_000\desktop\grafia\grafia\builds\visualstudio2015\debug\grafia.tlog\cl.write.1.tlog
c:\users\nicoc_000\desktop\grafia\grafia\builds\visualstudio2015\debug\grafia.tlog\link.command.1.tlog
c:\users\nicoc_000\desktop\grafia\grafia\builds\visualstudio2015\debug\grafia.tlog\link.read.1.tlog
c:\users\nicoc_000\desktop\grafia\grafia\builds\visualstudio2015\debug\grafia.tlog\link.write.1.tlog
c:\users\nicoc_000\desktop\grafia\grafia\builds\visualstudio2015\debug\grafia.tlog\rc.command.1.tlog
c:\users\nicoc_000\desktop\grafia\grafia\builds\visualstudio2015\debug\grafia.tlog\rc.read.1.tlog
c:\users\nicoc_000\desktop\grafia\grafia\builds\visualstudio2015\debug\grafia.tlog\rc.write.1.tlog
