Build started 03/05/2017 19:00:29.
Project "C:\Users\nicoc_000\Desktop\Grafia\Grafia\Builds\VisualStudio2015\Grafia.vcxproj" on node 2 (Build target(s)).
InitializeBuildStatus:
  Touching "Debug\Grafia.tlog\unsuccessfulbuild".
ClCompile:
  All outputs are up-to-date.
ResourceCompile:
  All outputs are up-to-date.
Link:
  C:\Program Files (x86)\Microsoft Visual Studio 14.0\VC\bin\link.exe /ERRORREPORT:PROMPT /OUT:"C:\Users\nicoc_000\Desktop\Grafia\Grafia\Builds\VisualStudio2015\Debug\\Grafia.exe" /NOLOGO /LIBPATH:C:\C++_libraries\Magick++\mcvs_static_debug_x86\lib CORE_DB_Magick++_.lib CORE_DB_MagickCore_.lib CORE_DB_MagickWand_.lib CORE_DB_bzlib_.lib CORE_DB_cairo_.lib CORE_DB_coders_.lib CORE_DB_croco_.lib CORE_DB_exr_.lib CORE_DB_ffi_.lib CORE_DB_filters_.lib CORE_DB_flif_.lib CORE_DB_glib_.lib CORE_DB_jp2_.lib CORE_DB_jpeg_.lib CORE_DB_lcms_.lib CORE_DB_librsvg_.lib CORE_DB_libxml_.lib CORE_DB_lqr_.lib CORE_DB_openjpeg_.lib CORE_DB_pango_.lib CORE_DB_pixman_.lib CORE_DB_png_.lib CORE_DB_tiff_.lib CORE_DB_ttf_.lib CORE_DB_webp_.lib CORE_DB_zlib_.lib ImageMagickObject.lib kernel32.lib user32.lib gdi32.lib winspool.lib comdlg32.lib advapi32.lib shell32.lib ole32.lib oleaut32.lib uuid.lib odbc32.lib odbccp32.lib /NODEFAULTLIB:libcmt.lib /NODEFAULTLIB:msvcrt.lib /MANIFEST /MANIFESTUAC:"level='asInvoker' uiAccess='false'" /manifest:embed /DEBUG /PDB:"Debug\\Grafia.pdb" /SUBSYSTEM:WINDOWS /LARGEADDRESSAWARE /TLBID:1 /DYNAMICBASE /NXCOMPAT /IMPLIB:"C:\Users\nicoc_000\Desktop\Grafia\Grafia\Builds\VisualStudio2015\Debug\Grafia.lib" /MACHINE:X86 /SAFESEH:NO Debug\resources.res
  Debug\\MainComponent.obj
  Debug\\Main.obj
  Debug\\juce_audio_basics.obj
  Debug\\juce_audio_devices.obj
  Debug\\juce_audio_formats.obj
  Debug\\juce_audio_processors.obj
  Debug\\juce_core.obj
  Debug\\juce_cryptography.obj
  Debug\\juce_data_structures.obj
  Debug\\juce_events.obj
  Debug\\juce_graphics.obj
  Debug\\juce_gui_basics.obj
  Debug\\juce_gui_extra.obj
  Debug\\juce_opengl.obj
  Debug\\juce_video.obj
  Debug\\texlib.obj
  Grafia.vcxproj -> C:\Users\nicoc_000\Desktop\Grafia\Grafia\Builds\VisualStudio2015\Debug\Grafia.exe
  Grafia.vcxproj -> Debug\\Grafia.pdb (Full PDB)
FinalizeBuildStatus:
  Deleting file "Debug\Grafia.tlog\unsuccessfulbuild".
  Touching "Debug\Grafia.tlog\Grafia.lastbuildstate".
Done Building Project "C:\Users\nicoc_000\Desktop\Grafia\Grafia\Builds\VisualStudio2015\Grafia.vcxproj" (Build target(s)).

Build succeeded.

Time Elapsed 00:00:06.62
