Build started 18/04/2018 18:46:33.
Project "C:\Users\nicoc_000\Desktop\Grafia\Grafia\Builds\VisualStudio2015\Grafia_App.vcxproj" on node 2 (Build target(s)).
InitializeBuildStatus:
  Creating "Win32\Debug\App\Grafia_App.tlog\unsuccessfulbuild" because "AlwaysCreate" was specified.
ClCompile:
  C:\Program Files (x86)\Microsoft Visual Studio 14.0\VC\bin\CL.exe /c /I..\..\JuceLibraryCode /I"..\..\..\..\..\..\..\Program Files (x86)\JUCE\modules" /IC:\C++_libraries\Magick++\include /Zi /nologo /W4 /WX- /MP /O2 /Oy- /D _CRT_SECURE_NO_WARNINGS /D WIN32 /D _WINDOWS /D DEBUG /D _DEBUG /D JUCER_VS2015_78A5022=1 /D JUCE_APP_VERSION=1.0.0 /D JUCE_APP_VERSION_HEX=0x10000 /D JucePlugin_Build_VST=0 /D JucePlugin_Build_VST3=0 /D JucePlugin_Build_AU=0 /D JucePlugin_Build_AUv3=0 /D JucePlugin_Build_RTAS=0 /D JucePlugin_Build_AAX=0 /D JucePlugin_Build_Standalone=0 /Gm- /EHsc /MTd /GS /fp:precise /Zc:wchar_t /Zc:forScope /Zc:inline /GR /Fo"Win32\Debug\App\\" /Fd"Win32\Debug\App\\vc140.pdb" /Gd /TP /analyze- /errorReport:prompt /FS ..\..\Source\MainComponent.cpp
  MainComponent.cpp
..\..\Source\MainComponent.cpp(67): warning C4129: '/': unrecognized character escape sequence
..\..\Source\MainComponent.cpp(418): warning C4239: nonstandard extension used: 'argument': conversion from 'std::string' to 'std::string &'
  ..\..\Source\MainComponent.cpp(418): note: A non-const reference may only be bound to an lvalue
..\..\Source\MainComponent.cpp(419): warning C4239: nonstandard extension used: 'argument': conversion from 'std::string' to 'std::string &'
  ..\..\Source\MainComponent.cpp(419): note: A non-const reference may only be bound to an lvalue
..\..\Source\MainComponent.cpp(463): warning C4239: nonstandard extension used: 'argument': conversion from 'std::basic_string<char,std::char_traits<char>,std::allocator<char>>' to 'std::string &'
  ..\..\Source\MainComponent.cpp(463): note: A non-const reference may only be bound to an lvalue
..\..\Source\MainComponent.cpp(476): warning C4129: '/': unrecognized character escape sequence
..\..\Source\MainComponent.cpp(477): warning C4129: '/': unrecognized character escape sequence
..\..\Source\MainComponent.cpp(482): warning C4129: '/': unrecognized character escape sequence
..\..\Source\MainComponent.cpp(636): warning C4239: nonstandard extension used: 'argument': conversion from 'std::string' to 'std::string &'
  ..\..\Source\MainComponent.cpp(636): note: A non-const reference may only be bound to an lvalue
..\..\Source\MainComponent.cpp(637): warning C4239: nonstandard extension used: 'argument': conversion from 'std::string' to 'std::string &'
  ..\..\Source\MainComponent.cpp(637): note: A non-const reference may only be bound to an lvalue
..\..\Source\MainComponent.cpp(638): warning C4239: nonstandard extension used: 'argument': conversion from 'std::basic_string<char,std::char_traits<char>,std::allocator<char>>' to 'std::string &'
  ..\..\Source\MainComponent.cpp(638): note: A non-const reference may only be bound to an lvalue
..\..\Source\MainComponent.cpp(645): warning C4239: nonstandard extension used: 'argument': conversion from 'std::string' to 'std::string &'
  ..\..\Source\MainComponent.cpp(645): note: A non-const reference may only be bound to an lvalue
..\..\Source\MainComponent.cpp(646): warning C4239: nonstandard extension used: 'argument': conversion from 'std::string' to 'std::string &'
  ..\..\Source\MainComponent.cpp(646): note: A non-const reference may only be bound to an lvalue
..\..\Source\MainComponent.cpp(647): warning C4239: nonstandard extension used: 'argument': conversion from 'std::string' to 'std::string &'
  ..\..\Source\MainComponent.cpp(647): note: A non-const reference may only be bound to an lvalue
..\..\Source\MainComponent.cpp(647): warning C4239: nonstandard extension used: 'argument': conversion from 'std::basic_string<char,std::char_traits<char>,std::allocator<char>>' to 'std::string &'
  ..\..\Source\MainComponent.cpp(647): note: A non-const reference may only be bound to an lvalue
..\..\Source\MainComponent.cpp(671): warning C4239: nonstandard extension used: 'argument': conversion from 'std::basic_string<char,std::char_traits<char>,std::allocator<char>>' to 'std::string &'
  ..\..\Source\MainComponent.cpp(671): note: A non-const reference may only be bound to an lvalue
..\..\Source\MainComponent.cpp(770): warning C4800: 'int': forcing value to bool 'true' or 'false' (performance warning)
..\..\Source\MainComponent.cpp(829): warning C4389: '!=': signed/unsigned mismatch
..\..\Source\MainComponent.cpp(1061): warning C4244: 'argument': conversion from 'double' to 'int', possible loss of data
..\..\Source\MainComponent.cpp(1063): warning C4244: 'argument': conversion from 'double' to 'int', possible loss of data
..\..\Source\MainComponent.cpp(1065): warning C4244: 'argument': conversion from 'double' to 'int', possible loss of data
..\..\Source\MainComponent.cpp(1092): warning C4244: 'argument': conversion from 'int' to 'float', possible loss of data
..\..\Source\MainComponent.cpp(1178): warning C4239: nonstandard extension used: 'argument': conversion from 'std::string' to 'std::string &'
  ..\..\Source\MainComponent.cpp(1178): note: A non-const reference may only be bound to an lvalue
..\..\Source\MainComponent.cpp(1180): warning C4239: nonstandard extension used: 'argument': conversion from 'std::string' to 'std::string &'
  ..\..\Source\MainComponent.cpp(1180): note: A non-const reference may only be bound to an lvalue
..\..\Source\MainComponent.cpp(1182): warning C4239: nonstandard extension used: 'argument': conversion from 'std::string' to 'std::string &'
  ..\..\Source\MainComponent.cpp(1182): note: A non-const reference may only be bound to an lvalue
..\..\Source\MainComponent.cpp(1184): warning C4239: nonstandard extension used: 'argument': conversion from 'std::string' to 'std::string &'
  ..\..\Source\MainComponent.cpp(1184): note: A non-const reference may only be bound to an lvalue
..\..\Source\MainComponent.cpp(1210): warning C4800: 'double': forcing value to bool 'true' or 'false' (performance warning)
..\..\Source\MainComponent.cpp(1289): warning C4239: nonstandard extension used: 'argument': conversion from 'std::string' to 'std::string &'
  ..\..\Source\MainComponent.cpp(1289): note: A non-const reference may only be bound to an lvalue
ResourceCompile:
  All outputs are up-to-date.
Link:
  C:\Program Files (x86)\Microsoft Visual Studio 14.0\VC\bin\link.exe /ERRORREPORT:PROMPT /OUT:"C:\Users\nicoc_000\Desktop\Grafia\Grafia\Builds\VisualStudio2015\Win32\Debug\App\\Grafia.exe" /NOLOGO /LIBPATH:C:\C++_libraries\Magick++\mcvs_static_debug_x86\lib CORE_DB_Magick++_.lib CORE_DB_MagickCore_.lib CORE_DB_MagickWand_.lib CORE_DB_bzlib_.lib CORE_DB_cairo_.lib CORE_DB_coders_.lib CORE_DB_croco_.lib CORE_DB_exr_.lib CORE_DB_ffi_.lib CORE_DB_filters_.lib CORE_DB_flif_.lib CORE_DB_glib_.lib CORE_DB_jp2_.lib CORE_DB_jpeg_.lib CORE_DB_lcms_.lib CORE_DB_librsvg_.lib CORE_DB_libxml_.lib CORE_DB_lqr_.lib CORE_DB_openjpeg_.lib CORE_DB_pango_.lib CORE_DB_pixman_.lib CORE_DB_png_.lib CORE_DB_tiff_.lib CORE_DB_ttf_.lib CORE_DB_webp_.lib CORE_DB_zlib_.lib ImageMagickObject.lib kernel32.lib user32.lib gdi32.lib winspool.lib comdlg32.lib advapi32.lib shell32.lib ole32.lib oleaut32.lib uuid.lib odbc32.lib odbccp32.lib /NODEFAULTLIB:libcmt.lib /NODEFAULTLIB:msvcrt.lib /MANIFEST /MANIFESTUAC:"level='asInvoker' uiAccess='false'" /manifest:embed /DEBUG /PDB:"Win32\Debug\App\\Grafia.pdb" /SUBSYSTEM:WINDOWS /LARGEADDRESSAWARE /TLBID:1 /DYNAMICBASE /NXCOMPAT /IMPLIB:"C:\Users\nicoc_000\Desktop\Grafia\Grafia\Builds\VisualStudio2015\Win32\Debug\App\Grafia.lib" /MACHINE:X86 /SAFESEH /MANIFEST /NODEFAULTLIB:"libcmt.lib" /NODEFAULTLIB:"msvcrt.lib" Win32\Debug\App\resources.res
  Win32\Debug\App\\path.obj
  Win32\Debug\App\\TableComponent.obj
  Win32\Debug\App\\MenuComponent.obj
  Win32\Debug\App\\texlib.obj
  Win32\Debug\App\\MainComponent.obj
  Win32\Debug\App\\Main.obj
  Win32\Debug\App\\BinaryData.obj
  Win32\Debug\App\\include_juce_audio_basics.obj
  Win32\Debug\App\\include_juce_audio_devices.obj
  Win32\Debug\App\\include_juce_audio_formats.obj
  Win32\Debug\App\\include_juce_audio_processors.obj
  Win32\Debug\App\\include_juce_core.obj
  Win32\Debug\App\\include_juce_cryptography.obj
  Win32\Debug\App\\include_juce_data_structures.obj
  Win32\Debug\App\\include_juce_events.obj
  Win32\Debug\App\\include_juce_graphics.obj
  Win32\Debug\App\\include_juce_gui_basics.obj
  Win32\Debug\App\\include_juce_gui_extra.obj
  Win32\Debug\App\\include_juce_opengl.obj
  Win32\Debug\App\\include_juce_video.obj
  Grafia_App.vcxproj -> C:\Users\nicoc_000\Desktop\Grafia\Grafia\Builds\VisualStudio2015\Win32\Debug\App\Grafia.exe
  Grafia_App.vcxproj -> Win32\Debug\App\\Grafia.pdb (Full PDB)
FinalizeBuildStatus:
  Deleting file "Win32\Debug\App\Grafia_App.tlog\unsuccessfulbuild".
  Touching "Win32\Debug\App\Grafia_App.tlog\Grafia_App.lastbuildstate".
Done Building Project "C:\Users\nicoc_000\Desktop\Grafia\Grafia\Builds\VisualStudio2015\Grafia_App.vcxproj" (Build target(s)).

Build succeeded.

Time Elapsed 00:00:07.39
