c:\users\nicoc_000\desktop\grafia\grafia\builds\visualstudio2015\win32\debug\app\menucomponent.obj
c:\users\nicoc_000\desktop\grafia\grafia\builds\visualstudio2015\win32\debug\app\include_juce_gui_basics.obj
c:\users\nicoc_000\desktop\grafia\grafia\builds\visualstudio2015\win32\debug\app\maincomponent.obj
c:\users\nicoc_000\desktop\grafia\grafia\builds\visualstudio2015\win32\debug\app\include_juce_gui_extra.obj
c:\users\nicoc_000\desktop\grafia\grafia\builds\visualstudio2015\win32\debug\app\include_juce_audio_processors.obj
c:\users\nicoc_000\desktop\grafia\grafia\builds\visualstudio2015\win32\debug\app\texlib.obj
c:\users\nicoc_000\desktop\grafia\grafia\builds\visualstudio2015\win32\debug\app\include_juce_core.obj
c:\users\nicoc_000\desktop\grafia\grafia\builds\visualstudio2015\win32\debug\app\main.obj
c:\users\nicoc_000\desktop\grafia\grafia\builds\visualstudio2015\win32\debug\app\include_juce_opengl.obj
c:\users\nicoc_000\desktop\grafia\grafia\builds\visualstudio2015\win32\debug\app\include_juce_audio_basics.obj
c:\users\nicoc_000\desktop\grafia\grafia\builds\visualstudio2015\win32\debug\app\include_juce_cryptography.obj
c:\users\nicoc_000\desktop\grafia\grafia\builds\visualstudio2015\win32\debug\app\include_juce_data_structures.obj
c:\users\nicoc_000\desktop\grafia\grafia\builds\visualstudio2015\win32\debug\app\include_juce_video.obj
c:\users\nicoc_000\desktop\grafia\grafia\builds\visualstudio2015\win32\debug\app\include_juce_audio_formats.obj
c:\users\nicoc_000\desktop\grafia\grafia\builds\visualstudio2015\win32\debug\app\include_juce_graphics.obj
c:\users\nicoc_000\desktop\grafia\grafia\builds\visualstudio2015\win32\debug\app\include_juce_audio_devices.obj
c:\users\nicoc_000\desktop\grafia\grafia\builds\visualstudio2015\win32\debug\app\include_juce_events.obj
c:\users\nicoc_000\desktop\grafia\grafia\builds\visualstudio2015\win32\debug\app\vc140.pdb
c:\users\nicoc_000\desktop\grafia\grafia\builds\visualstudio2015\win32\debug\app\vc140.idb
c:\users\nicoc_000\desktop\grafia\grafia\builds\visualstudio2015\win32\debug\app\grafia.ilk
c:\users\nicoc_000\desktop\grafia\grafia\builds\visualstudio2015\win32\debug\app\grafia.exe
c:\users\nicoc_000\desktop\grafia\grafia\builds\visualstudio2015\win32\debug\app\grafia.pdb
c:\users\nicoc_000\desktop\grafia\grafia\builds\visualstudio2015\win32\debug\app\resources.res
c:\users\nicoc_000\desktop\grafia\grafia\builds\visualstudio2015\win32\debug\app\texlib.obj.enc
c:\users\nicoc_000\desktop\grafia\grafia\builds\visualstudio2015\win32\debug\app\appendimages.pdb
c:\users\nicoc_000\desktop\grafia\grafia\builds\visualstudio2015\win32\debug\app\attributes.pdb
c:\users\nicoc_000\desktop\grafia\grafia\builds\visualstudio2015\win32\debug\app\averageimages.pdb
c:\users\nicoc_000\desktop\grafia\grafia\builds\visualstudio2015\win32\debug\app\coalesceimages.pdb
c:\users\nicoc_000\desktop\grafia\grafia\builds\visualstudio2015\win32\debug\app\coderinfo.pdb
c:\users\nicoc_000\desktop\grafia\grafia\builds\visualstudio2015\win32\debug\app\color.pdb
c:\users\nicoc_000\desktop\grafia\grafia\builds\visualstudio2015\win32\debug\app\colorhistogram.pdb
c:\users\nicoc_000\desktop\grafia\grafia\builds\visualstudio2015\win32\debug\app\compare.pdb
c:\users\nicoc_000\desktop\grafia\grafia\builds\visualstudio2015\win32\debug\app\composite.pdb
c:\users\nicoc_000\desktop\grafia\grafia\builds\visualstudio2015\win32\debug\app\conjure.pdb
c:\users\nicoc_000\desktop\grafia\grafia\builds\visualstudio2015\win32\debug\app\convert.pdb
c:\users\nicoc_000\desktop\grafia\grafia\builds\visualstudio2015\win32\debug\app\dcraw.pdb
c:\users\nicoc_000\desktop\grafia\grafia\builds\visualstudio2015\win32\debug\app\exceptions.pdb
c:\users\nicoc_000\desktop\grafia\grafia\builds\visualstudio2015\win32\debug\app\geometry.pdb
c:\users\nicoc_000\desktop\grafia\grafia\builds\visualstudio2015\win32\debug\app\identify.pdb
c:\users\nicoc_000\desktop\grafia\grafia\builds\visualstudio2015\win32\debug\app\imagemagickobject.pdb
c:\users\nicoc_000\desktop\grafia\grafia\builds\visualstudio2015\win32\debug\app\imdisplay.pdb
c:\users\nicoc_000\desktop\grafia\grafia\builds\visualstudio2015\win32\debug\app\iptcutil.pdb
c:\users\nicoc_000\desktop\grafia\grafia\builds\visualstudio2015\win32\debug\app\magick.pdb
c:\users\nicoc_000\desktop\grafia\grafia\builds\visualstudio2015\win32\debug\app\mogrify.pdb
c:\users\nicoc_000\desktop\grafia\grafia\builds\visualstudio2015\win32\debug\app\montage.pdb
c:\users\nicoc_000\desktop\grafia\grafia\builds\visualstudio2015\win32\debug\app\montageimages.pdb
c:\users\nicoc_000\desktop\grafia\grafia\builds\visualstudio2015\win32\debug\app\morphimages.pdb
c:\users\nicoc_000\desktop\grafia\grafia\builds\visualstudio2015\win32\debug\app\ntmagick.pdb
c:\users\nicoc_000\desktop\grafia\grafia\builds\visualstudio2015\win32\debug\app\readwriteblob.pdb
c:\users\nicoc_000\desktop\grafia\grafia\builds\visualstudio2015\win32\debug\app\readwriteimages.pdb
c:\users\nicoc_000\desktop\grafia\grafia\builds\visualstudio2015\win32\debug\app\stream.pdb
c:\users\nicoc_000\desktop\grafia\grafia\builds\visualstudio2015\win32\debug\app\coder.xml
c:\users\nicoc_000\desktop\grafia\grafia\builds\visualstudio2015\win32\debug\app\colors.xml
c:\users\nicoc_000\desktop\grafia\grafia\builds\visualstudio2015\win32\debug\app\configure.xml
c:\users\nicoc_000\desktop\grafia\grafia\builds\visualstudio2015\win32\debug\app\delegates.xml
c:\users\nicoc_000\desktop\grafia\grafia\builds\visualstudio2015\win32\debug\app\english.xml
c:\users\nicoc_000\desktop\grafia\grafia\builds\visualstudio2015\win32\debug\app\locale.xml
c:\users\nicoc_000\desktop\grafia\grafia\builds\visualstudio2015\win32\debug\app\log.xml
c:\users\nicoc_000\desktop\grafia\grafia\builds\visualstudio2015\win32\debug\app\magic.xml
c:\users\nicoc_000\desktop\grafia\grafia\builds\visualstudio2015\win32\debug\app\policy.xml
c:\users\nicoc_000\desktop\grafia\grafia\builds\visualstudio2015\win32\debug\app\thresholds.xml
c:\users\nicoc_000\desktop\grafia\grafia\builds\visualstudio2015\win32\debug\app\type-ghostscript.xml
c:\users\nicoc_000\desktop\grafia\grafia\builds\visualstudio2015\win32\debug\app\type.xml
c:\users\nicoc_000\desktop\grafia\grafia\builds\visualstudio2015\win32\debug\app\grafia_app.tlog\cl.command.1.tlog
c:\users\nicoc_000\desktop\grafia\grafia\builds\visualstudio2015\win32\debug\app\grafia_app.tlog\cl.read.1.tlog
c:\users\nicoc_000\desktop\grafia\grafia\builds\visualstudio2015\win32\debug\app\grafia_app.tlog\cl.write.1.tlog
c:\users\nicoc_000\desktop\grafia\grafia\builds\visualstudio2015\win32\debug\app\grafia_app.tlog\link.command.1.tlog
c:\users\nicoc_000\desktop\grafia\grafia\builds\visualstudio2015\win32\debug\app\grafia_app.tlog\link.read.1.tlog
c:\users\nicoc_000\desktop\grafia\grafia\builds\visualstudio2015\win32\debug\app\grafia_app.tlog\link.write.1.tlog
c:\users\nicoc_000\desktop\grafia\grafia\builds\visualstudio2015\win32\debug\app\grafia_app.tlog\rc.command.1.tlog
c:\users\nicoc_000\desktop\grafia\grafia\builds\visualstudio2015\win32\debug\app\grafia_app.tlog\rc.read.1.tlog
c:\users\nicoc_000\desktop\grafia\grafia\builds\visualstudio2015\win32\debug\app\grafia_app.tlog\rc.write.1.tlog
